2015-10-12 07:10:11 Error: Fatal Error (64): Cannot redeclare PurcheOrderController::index() in [/Datas/Sources/BaoBiGiay/app/Controller/PurcheOrderController.php, line 215]
2015-10-12 07:10:11 Error: [FatalErrorException] Cannot redeclare PurcheOrderController::index()
Request URL: /purche-order
Stack Trace:
#0 /Datas/Sources/BaoBiGiay/lib/Cake/Error/ErrorHandler.php(205): ErrorHandler::handleFatalError(64, 'Cannot redeclar...', '/Datas/Sources/...', 215)
#1 [internal function]: ErrorHandler::handleError(64, 'Cannot redeclar...', '/Datas/Sources/...', 215, Array)
#2 /Datas/Sources/BaoBiGiay/lib/Cake/Core/App.php(931): call_user_func('ErrorHandler::h...', 64, 'Cannot redeclar...', '/Datas/Sources/...', 215, Array)
#3 /Datas/Sources/BaoBiGiay/lib/Cake/Core/App.php(904): App::_checkFatalError()
#4 [internal function]: App::shutdown()
#5 {main}
2015-10-12 19:54:58 Error: [MissingControllerException] Controller class AdminController could not be found.
Exception Attributes: array (
  'class' => 'AdminController',
  'plugin' => NULL,
)
Request URL: /admin/login
Stack Trace:
#0 /Datas/Sources/BaoBiGiay/app/webroot/index.php(110): Dispatcher->dispatch(Object(CakeRequest), Object(CakeResponse))
#1 {main}
2015-10-12 19:55:11 Error: [MissingTableException] Table tradeshow_event for model TradeshowEvent was not found in datasource default.
Exception Attributes: array (
  'table' => 'tradeshow_event',
  'class' => 'TradeshowEvent',
  'ds' => 'default',
)
Request URL: /
Stack Trace:
#0 /Datas/Sources/BaoBiGiay/lib/Cake/Model/Model.php(3310): Model->setSource('tradeshow_event')
#1 /Datas/Sources/BaoBiGiay/lib/Cake/Model/Model.php(1318): Model->getDataSource()
#2 /Datas/Sources/BaoBiGiay/app/Model/AppModel.php(57): Model->schema()
#3 [internal function]: AppModel->beforeFind(Array)
#4 /Datas/Sources/BaoBiGiay/lib/Cake/Event/CakeEventManager.php(246): call_user_func_array(Array, Array)
#5 /Datas/Sources/BaoBiGiay/lib/Cake/Model/Model.php(2799): CakeEventManager->dispatch(Object(CakeEvent))
#6 /Datas/Sources/BaoBiGiay/lib/Cake/Model/Model.php(2717): Model->buildQuery('first', Array)
#7 /Datas/Sources/BaoBiGiay/app/Controller/DashboardController.php(30): Model->find('first', Array)
#8 [internal function]: DashboardController->display()
#9 /Datas/Sources/BaoBiGiay/lib/Cake/Controller/Controller.php(490): ReflectionMethod->invokeArgs(Object(DashboardController), Array)
#10 /Datas/Sources/BaoBiGiay/lib/Cake/Routing/Dispatcher.php(187): Controller->invokeAction(Object(CakeRequest))
#11 /Datas/Sources/BaoBiGiay/lib/Cake/Routing/Dispatcher.php(162): Dispatcher->_invoke(Object(DashboardController), Object(CakeRequest), Object(CakeResponse))
#12 /Datas/Sources/BaoBiGiay/app/webroot/index.php(110): Dispatcher->dispatch(Object(CakeRequest), Object(CakeResponse))
#13 {main}
2015-10-12 19:55:17 Error: [MissingTableException] Table tradeshow_event for model TradeshowEvent was not found in datasource default.
Exception Attributes: array (
  'table' => 'tradeshow_event',
  'class' => 'TradeshowEvent',
  'ds' => 'default',
)
Request URL: /products
Stack Trace:
#0 /Datas/Sources/BaoBiGiay/lib/Cake/Model/Model.php(3310): Model->setSource('tradeshow_event')
#1 /Datas/Sources/BaoBiGiay/lib/Cake/Model/Model.php(1318): Model->getDataSource()
#2 /Datas/Sources/BaoBiGiay/app/Model/AppModel.php(57): Model->schema()
#3 [internal function]: AppModel->beforeFind(Array)
#4 /Datas/Sources/BaoBiGiay/lib/Cake/Event/CakeEventManager.php(246): call_user_func_array(Array, Array)
#5 /Datas/Sources/BaoBiGiay/lib/Cake/Model/Model.php(2799): CakeEventManager->dispatch(Object(CakeEvent))
#6 /Datas/Sources/BaoBiGiay/lib/Cake/Model/Model.php(2717): Model->buildQuery('all', Array)
#7 /Datas/Sources/BaoBiGiay/lib/Cake/Controller/Component/PaginatorComponent.php(198): Model->find('all', Array)
#8 /Datas/Sources/BaoBiGiay/app/Controller/ProductController.php(81): PaginatorComponent->paginate('TradeshowEvent')
#9 [internal function]: ProductController->index()
#10 /Datas/Sources/BaoBiGiay/lib/Cake/Controller/Controller.php(490): ReflectionMethod->invokeArgs(Object(ProductController), Array)
#11 /Datas/Sources/BaoBiGiay/lib/Cake/Routing/Dispatcher.php(187): Controller->invokeAction(Object(CakeRequest))
#12 /Datas/Sources/BaoBiGiay/lib/Cake/Routing/Dispatcher.php(162): Dispatcher->_invoke(Object(ProductController), Object(CakeRequest), Object(CakeResponse))
#13 /Datas/Sources/BaoBiGiay/app/webroot/index.php(110): Dispatcher->dispatch(Object(CakeRequest), Object(CakeResponse))
#14 {main}
2015-10-12 19:55:37 Error: [MissingModelException] TradeshowEvent
Request URL: /products
Stack Trace:
#0 /Datas/Sources/BaoBiGiay/app/Controller/ProductController.php(79): PaginatorComponent->paginate('TradeshowEvent')
#1 [internal function]: ProductController->index()
#2 /Datas/Sources/BaoBiGiay/lib/Cake/Controller/Controller.php(490): ReflectionMethod->invokeArgs(Object(ProductController), Array)
#3 /Datas/Sources/BaoBiGiay/lib/Cake/Routing/Dispatcher.php(187): Controller->invokeAction(Object(CakeRequest))
#4 /Datas/Sources/BaoBiGiay/lib/Cake/Routing/Dispatcher.php(162): Dispatcher->_invoke(Object(ProductController), Object(CakeRequest), Object(CakeResponse))
#5 /Datas/Sources/BaoBiGiay/app/webroot/index.php(110): Dispatcher->dispatch(Object(CakeRequest), Object(CakeResponse))
#6 {main}
2015-10-12 19:56:15 Error: [MissingTableException] Table products for model Product was not found in datasource default.
Exception Attributes: array (
  'table' => 'products',
  'class' => 'Product',
  'ds' => 'default',
)
Request URL: /products
Stack Trace:
#0 /Datas/Sources/BaoBiGiay/lib/Cake/Model/Model.php(3310): Model->setSource('products')
#1 /Datas/Sources/BaoBiGiay/lib/Cake/Model/Model.php(1318): Model->getDataSource()
#2 /Datas/Sources/BaoBiGiay/app/Model/AppModel.php(57): Model->schema()
#3 [internal function]: AppModel->beforeFind(Array)
#4 /Datas/Sources/BaoBiGiay/lib/Cake/Event/CakeEventManager.php(246): call_user_func_array(Array, Array)
#5 /Datas/Sources/BaoBiGiay/lib/Cake/Model/Model.php(2799): CakeEventManager->dispatch(Object(CakeEvent))
#6 /Datas/Sources/BaoBiGiay/lib/Cake/Model/Model.php(2717): Model->buildQuery('all', Array)
#7 /Datas/Sources/BaoBiGiay/lib/Cake/Controller/Component/PaginatorComponent.php(198): Model->find('all', Array)
#8 /Datas/Sources/BaoBiGiay/app/Controller/ProductController.php(79): PaginatorComponent->paginate('Product')
#9 [internal function]: ProductController->index()
#10 /Datas/Sources/BaoBiGiay/lib/Cake/Controller/Controller.php(490): ReflectionMethod->invokeArgs(Object(ProductController), Array)
#11 /Datas/Sources/BaoBiGiay/lib/Cake/Routing/Dispatcher.php(187): Controller->invokeAction(Object(CakeRequest))
#12 /Datas/Sources/BaoBiGiay/lib/Cake/Routing/Dispatcher.php(162): Dispatcher->_invoke(Object(ProductController), Object(CakeRequest), Object(CakeResponse))
#13 /Datas/Sources/BaoBiGiay/app/webroot/index.php(110): Dispatcher->dispatch(Object(CakeRequest), Object(CakeResponse))
#14 {main}
2015-10-12 20:11:05 Error: [MissingViewException] View file "/Datas/Sources/BaoBiGiay/app/View/Themed/BaoBiGiay/Product/index.ctp" is missing.
Exception Attributes: array (
  'file' => '/Datas/Sources/BaoBiGiay/app/View/Themed/BaoBiGiay/Product/index.ctp',
)
Request URL: /products
Stack Trace:
#0 /Datas/Sources/BaoBiGiay/lib/Cake/View/View.php(459): View->_getViewFileName(NULL)
#1 /Datas/Sources/BaoBiGiay/lib/Cake/Controller/Controller.php(952): View->render(NULL, NULL)
#2 /Datas/Sources/BaoBiGiay/lib/Cake/Routing/Dispatcher.php(194): Controller->render()
#3 /Datas/Sources/BaoBiGiay/lib/Cake/Routing/Dispatcher.php(162): Dispatcher->_invoke(Object(ProductController), Object(CakeRequest), Object(CakeResponse))
#4 /Datas/Sources/BaoBiGiay/app/webroot/index.php(110): Dispatcher->dispatch(Object(CakeRequest), Object(CakeResponse))
#5 {main}
2015-10-13 05:59:51 Error: [MissingTableException] Table tradeshow_event for model TradeshowEvent was not found in datasource default.
Exception Attributes: array (
  'table' => 'tradeshow_event',
  'class' => 'TradeshowEvent',
  'ds' => 'default',
)
Request URL: /
Stack Trace:
#0 /Datas/Sources/BaoBiGiay/lib/Cake/Model/Model.php(3310): Model->setSource('tradeshow_event')
#1 /Datas/Sources/BaoBiGiay/lib/Cake/Model/Model.php(1318): Model->getDataSource()
#2 /Datas/Sources/BaoBiGiay/app/Model/AppModel.php(57): Model->schema()
#3 [internal function]: AppModel->beforeFind(Array)
#4 /Datas/Sources/BaoBiGiay/lib/Cake/Event/CakeEventManager.php(246): call_user_func_array(Array, Array)
#5 /Datas/Sources/BaoBiGiay/lib/Cake/Model/Model.php(2799): CakeEventManager->dispatch(Object(CakeEvent))
#6 /Datas/Sources/BaoBiGiay/lib/Cake/Model/Model.php(2717): Model->buildQuery('first', Array)
#7 /Datas/Sources/BaoBiGiay/app/Controller/DashboardController.php(30): Model->find('first', Array)
#8 [internal function]: DashboardController->display()
#9 /Datas/Sources/BaoBiGiay/lib/Cake/Controller/Controller.php(490): ReflectionMethod->invokeArgs(Object(DashboardController), Array)
#10 /Datas/Sources/BaoBiGiay/lib/Cake/Routing/Dispatcher.php(187): Controller->invokeAction(Object(CakeRequest))
#11 /Datas/Sources/BaoBiGiay/lib/Cake/Routing/Dispatcher.php(162): Dispatcher->_invoke(Object(DashboardController), Object(CakeRequest), Object(CakeResponse))
#12 /Datas/Sources/BaoBiGiay/app/webroot/index.php(110): Dispatcher->dispatch(Object(CakeRequest), Object(CakeResponse))
#13 {main}
2015-10-13 06:00:00 Error: Fatal Error (1): Call to a member function findById() on a non-object in [/Datas/Sources/BaoBiGiay/app/Controller/ProductController.php, line 24]
2015-10-13 06:00:00 Error: [FatalErrorException] Call to a member function findById() on a non-object
Request URL: /products/edit/0/0
Stack Trace:
#0 /Datas/Sources/BaoBiGiay/lib/Cake/Error/ErrorHandler.php(205): ErrorHandler::handleFatalError(1, 'Call to a membe...', '/Datas/Sources/...', 24)
#1 [internal function]: ErrorHandler::handleError(1, 'Call to a membe...', '/Datas/Sources/...', 24, Array)
#2 /Datas/Sources/BaoBiGiay/lib/Cake/Core/App.php(931): call_user_func('ErrorHandler::h...', 1, 'Call to a membe...', '/Datas/Sources/...', 24, Array)
#3 /Datas/Sources/BaoBiGiay/lib/Cake/Core/App.php(904): App::_checkFatalError()
#4 [internal function]: App::shutdown()
#5 {main}
2015-10-13 06:01:43 Error: Fatal Error (1): Call to a member function findById() on a non-object in [/Datas/Sources/BaoBiGiay/app/Controller/ProductController.php, line 24]
2015-10-13 06:01:43 Error: [FatalErrorException] Call to a member function findById() on a non-object
Request URL: /products/edit/0/0
Stack Trace:
#0 /Datas/Sources/BaoBiGiay/lib/Cake/Error/ErrorHandler.php(205): ErrorHandler::handleFatalError(1, 'Call to a membe...', '/Datas/Sources/...', 24)
#1 [internal function]: ErrorHandler::handleError(1, 'Call to a membe...', '/Datas/Sources/...', 24, Array)
#2 /Datas/Sources/BaoBiGiay/lib/Cake/Core/App.php(931): call_user_func('ErrorHandler::h...', 1, 'Call to a membe...', '/Datas/Sources/...', 24, Array)
#3 /Datas/Sources/BaoBiGiay/lib/Cake/Core/App.php(904): App::_checkFatalError()
#4 [internal function]: App::shutdown()
#5 {main}
2015-10-13 06:33:34 Error: Fatal Error (1): Call to a member function findById() on a non-object in [/Datas/Sources/BaoBiGiay/app/Controller/ProductController.php, line 24]
2015-10-13 06:33:34 Error: [FatalErrorException] Call to a member function findById() on a non-object
Request URL: /products/edit/0/0
Stack Trace:
#0 /Datas/Sources/BaoBiGiay/lib/Cake/Error/ErrorHandler.php(205): ErrorHandler::handleFatalError(1, 'Call to a membe...', '/Datas/Sources/...', 24)
#1 [internal function]: ErrorHandler::handleError(1, 'Call to a membe...', '/Datas/Sources/...', 24, Array)
#2 /Datas/Sources/BaoBiGiay/lib/Cake/Core/App.php(931): call_user_func('ErrorHandler::h...', 1, 'Call to a membe...', '/Datas/Sources/...', 24, Array)
#3 /Datas/Sources/BaoBiGiay/lib/Cake/Core/App.php(904): App::_checkFatalError()
#4 [internal function]: App::shutdown()
#5 {main}
2015-10-13 06:33:37 Error: Fatal Error (1): Call to a member function findById() on a non-object in [/Datas/Sources/BaoBiGiay/app/Controller/ProductController.php, line 24]
2015-10-13 06:33:37 Error: [FatalErrorException] Call to a member function findById() on a non-object
Request URL: /products/edit
Stack Trace:
#0 /Datas/Sources/BaoBiGiay/lib/Cake/Error/ErrorHandler.php(205): ErrorHandler::handleFatalError(1, 'Call to a membe...', '/Datas/Sources/...', 24)
#1 [internal function]: ErrorHandler::handleError(1, 'Call to a membe...', '/Datas/Sources/...', 24, Array)
#2 /Datas/Sources/BaoBiGiay/lib/Cake/Core/App.php(931): call_user_func('ErrorHandler::h...', 1, 'Call to a membe...', '/Datas/Sources/...', 24, Array)
#3 /Datas/Sources/BaoBiGiay/lib/Cake/Core/App.php(904): App::_checkFatalError()
#4 [internal function]: App::shutdown()
#5 {main}
2015-10-13 09:52:56 Error: [MissingTableException] Table tradeshow_event for model TradeshowEvent was not found in datasource default.
Exception Attributes: array (
  'table' => 'tradeshow_event',
  'class' => 'TradeshowEvent',
  'ds' => 'default',
)
Request URL: /
Stack Trace:
#0 /Datas/Sources/BaoBiGiay/lib/Cake/Model/Model.php(3310): Model->setSource('tradeshow_event')
#1 /Datas/Sources/BaoBiGiay/lib/Cake/Model/Model.php(1318): Model->getDataSource()
#2 /Datas/Sources/BaoBiGiay/app/Model/AppModel.php(57): Model->schema()
#3 [internal function]: AppModel->beforeFind(Array)
#4 /Datas/Sources/BaoBiGiay/lib/Cake/Event/CakeEventManager.php(246): call_user_func_array(Array, Array)
#5 /Datas/Sources/BaoBiGiay/lib/Cake/Model/Model.php(2799): CakeEventManager->dispatch(Object(CakeEvent))
#6 /Datas/Sources/BaoBiGiay/lib/Cake/Model/Model.php(2717): Model->buildQuery('first', Array)
#7 /Datas/Sources/BaoBiGiay/app/Controller/DashboardController.php(30): Model->find('first', Array)
#8 [internal function]: DashboardController->display()
#9 /Datas/Sources/BaoBiGiay/lib/Cake/Controller/Controller.php(490): ReflectionMethod->invokeArgs(Object(DashboardController), Array)
#10 /Datas/Sources/BaoBiGiay/lib/Cake/Routing/Dispatcher.php(187): Controller->invokeAction(Object(CakeRequest))
#11 /Datas/Sources/BaoBiGiay/lib/Cake/Routing/Dispatcher.php(162): Dispatcher->_invoke(Object(DashboardController), Object(CakeRequest), Object(CakeResponse))
#12 /Datas/Sources/BaoBiGiay/app/webroot/index.php(110): Dispatcher->dispatch(Object(CakeRequest), Object(CakeResponse))
#13 {main}
2015-10-13 10:02:10 Error: [MissingTableException] Table unit for model Unit was not found in datasource default.
Exception Attributes: array (
  'table' => 'unit',
  'class' => 'Unit',
  'ds' => 'default',
)
Request URL: /products/edit
Stack Trace:
#0 /Datas/Sources/BaoBiGiay/lib/Cake/Model/Model.php(3310): Model->setSource('unit')
#1 /Datas/Sources/BaoBiGiay/lib/Cake/Model/Model.php(1318): Model->getDataSource()
#2 /Datas/Sources/BaoBiGiay/app/Model/AppModel.php(57): Model->schema()
#3 [internal function]: AppModel->beforeFind(Array)
#4 /Datas/Sources/BaoBiGiay/lib/Cake/Event/CakeEventManager.php(246): call_user_func_array(Array, Array)
#5 /Datas/Sources/BaoBiGiay/lib/Cake/Model/Model.php(2799): CakeEventManager->dispatch(Object(CakeEvent))
#6 /Datas/Sources/BaoBiGiay/lib/Cake/Model/Model.php(2717): Model->buildQuery('all', Array)
#7 /Datas/Sources/BaoBiGiay/app/Controller/ProductController.php(24): Model->find('all')
#8 [internal function]: ProductController->edit()
#9 /Datas/Sources/BaoBiGiay/lib/Cake/Controller/Controller.php(490): ReflectionMethod->invokeArgs(Object(ProductController), Array)
#10 /Datas/Sources/BaoBiGiay/lib/Cake/Routing/Dispatcher.php(187): Controller->invokeAction(Object(CakeRequest))
#11 /Datas/Sources/BaoBiGiay/lib/Cake/Routing/Dispatcher.php(162): Dispatcher->_invoke(Object(ProductController), Object(CakeRequest), Object(CakeResponse))
#12 /Datas/Sources/BaoBiGiay/app/webroot/index.php(110): Dispatcher->dispatch(Object(CakeRequest), Object(CakeResponse))
#13 {main}
2015-10-13 10:02:53 Error: [MissingTableException] Table units for model Unit was not found in datasource default.
Exception Attributes: array (
  'table' => 'units',
  'class' => 'Unit',
  'ds' => 'default',
)
Request URL: /products/edit
Stack Trace:
#0 /Datas/Sources/BaoBiGiay/lib/Cake/Model/Model.php(3310): Model->setSource('units')
#1 /Datas/Sources/BaoBiGiay/lib/Cake/Model/Model.php(1318): Model->getDataSource()
#2 /Datas/Sources/BaoBiGiay/app/Model/AppModel.php(57): Model->schema()
#3 [internal function]: AppModel->beforeFind(Array)
#4 /Datas/Sources/BaoBiGiay/lib/Cake/Event/CakeEventManager.php(246): call_user_func_array(Array, Array)
#5 /Datas/Sources/BaoBiGiay/lib/Cake/Model/Model.php(2799): CakeEventManager->dispatch(Object(CakeEvent))
#6 /Datas/Sources/BaoBiGiay/lib/Cake/Model/Model.php(2717): Model->buildQuery('all', Array)
#7 /Datas/Sources/BaoBiGiay/app/Controller/ProductController.php(24): Model->find('all')
#8 [internal function]: ProductController->edit()
#9 /Datas/Sources/BaoBiGiay/lib/Cake/Controller/Controller.php(490): ReflectionMethod->invokeArgs(Object(ProductController), Array)
#10 /Datas/Sources/BaoBiGiay/lib/Cake/Routing/Dispatcher.php(187): Controller->invokeAction(Object(CakeRequest))
#11 /Datas/Sources/BaoBiGiay/lib/Cake/Routing/Dispatcher.php(162): Dispatcher->_invoke(Object(ProductController), Object(CakeRequest), Object(CakeResponse))
#12 /Datas/Sources/BaoBiGiay/app/webroot/index.php(110): Dispatcher->dispatch(Object(CakeRequest), Object(CakeResponse))
#13 {main}
2015-10-13 10:12:05 Error: [MissingTableException] Table file_model for model FileModel was not found in datasource default.
Exception Attributes: array (
  'table' => 'file_model',
  'class' => 'FileModel',
  'ds' => 'default',
)
Request URL: /products
Stack Trace:
#0 /Datas/Sources/BaoBiGiay/lib/Cake/Model/Model.php(3310): Model->setSource('file_model')
#1 /Datas/Sources/BaoBiGiay/lib/Cake/Model/Model.php(1318): Model->getDataSource()
#2 /Datas/Sources/BaoBiGiay/app/Model/AppModel.php(57): Model->schema()
#3 [internal function]: AppModel->beforeFind(Array)
#4 /Datas/Sources/BaoBiGiay/lib/Cake/Event/CakeEventManager.php(246): call_user_func_array(Array, Array)
#5 /Datas/Sources/BaoBiGiay/lib/Cake/Model/Model.php(2799): CakeEventManager->dispatch(Object(CakeEvent))
#6 /Datas/Sources/BaoBiGiay/lib/Cake/Model/Model.php(2717): Model->buildQuery('first', Array)
#7 /Datas/Sources/BaoBiGiay/app/Plugin/File/View/Helper/FileHelper.php(204): Model->find('first', Array)
#8 /Datas/Sources/BaoBiGiay/app/View/Themed/BaoBiGiay/Product/index.ctp(41): FileHelper->listFileThumbnailElement(NULL, 'thumbnail', Array)
#9 /Datas/Sources/BaoBiGiay/lib/Cake/View/View.php(931): include('/Datas/Sources/...')
#10 /Datas/Sources/BaoBiGiay/lib/Cake/View/View.php(893): View->_evaluate('/Datas/Sources/...', Array)
#11 /Datas/Sources/BaoBiGiay/lib/Cake/View/View.php(462): View->_render('/Datas/Sources/...')
#12 /Datas/Sources/BaoBiGiay/lib/Cake/Controller/Controller.php(952): View->render(NULL, NULL)
#13 /Datas/Sources/BaoBiGiay/lib/Cake/Routing/Dispatcher.php(194): Controller->render()
#14 /Datas/Sources/BaoBiGiay/lib/Cake/Routing/Dispatcher.php(162): Dispatcher->_invoke(Object(ProductController), Object(CakeRequest), Object(CakeResponse))
#15 /Datas/Sources/BaoBiGiay/app/webroot/index.php(110): Dispatcher->dispatch(Object(CakeRequest), Object(CakeResponse))
#16 {main}
2015-10-13 10:12:48 Error: [MissingTableException] Table file_model for model FileModel was not found in datasource default.
Exception Attributes: array (
  'table' => 'file_model',
  'class' => 'FileModel',
  'ds' => 'default',
)
Request URL: /products
Stack Trace:
#0 /Datas/Sources/BaoBiGiay/lib/Cake/Model/Model.php(3310): Model->setSource('file_model')
#1 /Datas/Sources/BaoBiGiay/lib/Cake/Model/Model.php(1318): Model->getDataSource()
#2 /Datas/Sources/BaoBiGiay/app/Model/AppModel.php(57): Model->schema()
#3 [internal function]: AppModel->beforeFind(Array)
#4 /Datas/Sources/BaoBiGiay/lib/Cake/Event/CakeEventManager.php(246): call_user_func_array(Array, Array)
#5 /Datas/Sources/BaoBiGiay/lib/Cake/Model/Model.php(2799): CakeEventManager->dispatch(Object(CakeEvent))
#6 /Datas/Sources/BaoBiGiay/lib/Cake/Model/Model.php(2717): Model->buildQuery('first', Array)
#7 /Datas/Sources/BaoBiGiay/app/Plugin/File/View/Helper/FileHelper.php(204): Model->find('first', Array)
#8 /Datas/Sources/BaoBiGiay/app/View/Themed/BaoBiGiay/Product/index.ctp(41): FileHelper->listFileThumbnailElement(NULL, 'thumbnail', Array)
#9 /Datas/Sources/BaoBiGiay/lib/Cake/View/View.php(931): include('/Datas/Sources/...')
#10 /Datas/Sources/BaoBiGiay/lib/Cake/View/View.php(893): View->_evaluate('/Datas/Sources/...', Array)
#11 /Datas/Sources/BaoBiGiay/lib/Cake/View/View.php(462): View->_render('/Datas/Sources/...')
#12 /Datas/Sources/BaoBiGiay/lib/Cake/Controller/Controller.php(952): View->render(NULL, NULL)
#13 /Datas/Sources/BaoBiGiay/lib/Cake/Routing/Dispatcher.php(194): Controller->render()
#14 /Datas/Sources/BaoBiGiay/lib/Cake/Routing/Dispatcher.php(162): Dispatcher->_invoke(Object(ProductController), Object(CakeRequest), Object(CakeResponse))
#15 /Datas/Sources/BaoBiGiay/app/webroot/index.php(110): Dispatcher->dispatch(Object(CakeRequest), Object(CakeResponse))
#16 {main}
